<?xml version="1.0" encoding="UTF-8"?>
<!-- Generated by org.testng.reporters.JUnitReportReporter -->
<testsuite hostname="LAPTOP-78HU2QI4" failures="0" tests="3" name="test.TestStringCalculator" time="0.009" errors="0" timestamp="2020-12-12T12:52:02 IST" skipped="0">
  <testcase classname="test.TestStringCalculator" name="emptyStringReturnZero" time="0.007"/>
  <system-out/>
  <testcase classname="test.TestStringCalculator" name="oneNumberReturnValue" time="0.001"/>
  <system-out/>
  <testcase classname="test.TestStringCalculator" name="twoNumbersCommaDelimitedReturnSum" time="0.001"/>
  <system-out/>
</testsuite> <!-- test.TestStringCalculator -->
