<?xml version="1.0" encoding="UTF-8"?>
<!-- Generated by org.testng.reporters.JUnitReportReporter -->
<testsuite hostname="LAPTOP-78HU2QI4" failures="0" tests="9" name="test.TestStringCalculator" time="0.016" errors="0" timestamp="2020-12-13T02:56:54 IST" skipped="0">
  <testcase classname="test.TestStringCalculator" name="multipleNegativeInputReturnsException" time="0.001"/>
  <system-out/>
  <testcase classname="test.TestStringCalculator" name="whenDelimiterIsSpecifiedThenItIsUsedToSeparateNumbers" time="0.001"/>
  <system-out/>
  <testcase classname="test.TestStringCalculator" name="emptyStringReturnZero" time="0.001"/>
  <system-out/>
  <testcase classname="test.TestStringCalculator" name="negativeInputReturnsException" time="0.001"/>
  <system-out/>
  <testcase classname="test.TestStringCalculator" name="twoNumbersNewLineDelimitedReturnSum" time="0.001"/>
  <system-out/>
  <testcase classname="test.TestStringCalculator" name="unknownAmountNumbersReturnSum" time="0.001"/>
  <system-out/>
  <testcase classname="test.TestStringCalculator" name="twoNumbersCommaDelimitedReturnSum" time="0.001"/>
  <system-out/>
  <testcase classname="test.TestStringCalculator" name="oneNumberReturnValue" time="0.001"/>
  <system-out/>
  <testcase classname="test.TestStringCalculator" name="countAddMethodInvoked" time="0.008"/>
  <system-out/>
</testsuite> <!-- test.TestStringCalculator -->
